DEBUG - 2025-07-02 11:53:38 --> Session: Class initialized using 'CodeIgniter\Session\Handlers\FileHandler' driver.
DEBUG - 2025-07-02 11:53:52 --> Session: Class initialized using 'CodeIgniter\Session\Handlers\FileHandler' driver.
DEBUG - 2025-07-02 11:53:53 --> Session: Class initialized using 'CodeIgniter\Session\Handlers\FileHandler' driver.
DEBUG - 2025-07-02 11:53:59 --> Session: Class initialized using 'CodeIgniter\Session\Handlers\FileHandler' driver.
DEBUG - 2025-07-02 11:53:59 --> Session: Class initialized using 'CodeIgniter\Session\Handlers\FileHandler' driver.
DEBUG - 2025-07-02 13:18:50 --> Session: Class initialized using 'CodeIgniter\Session\Handlers\FileHandler' driver.
DEBUG - 2025-07-02 13:18:59 --> Session: Class initialized using 'CodeIgniter\Session\Handlers\FileHandler' driver.
DEBUG - 2025-07-02 13:19:00 --> Session: Class initialized using 'CodeIgniter\Session\Handlers\FileHandler' driver.
DEBUG - 2025-07-02 13:19:14 --> Session: Class initialized using 'CodeIgniter\Session\Handlers\FileHandler' driver.
DEBUG - 2025-07-02 13:19:14 --> Session: Class initialized using 'CodeIgniter\Session\Handlers\FileHandler' driver.
DEBUG - 2025-07-02 13:24:42 --> Session: Class initialized using 'CodeIgniter\Session\Handlers\FileHandler' driver.
DEBUG - 2025-07-02 13:24:52 --> Session: Class initialized using 'CodeIgniter\Session\Handlers\FileHandler' driver.
DEBUG - 2025-07-02 13:24:52 --> Session: Class initialized using 'CodeIgniter\Session\Handlers\FileHandler' driver.
DEBUG - 2025-07-02 13:25:11 --> Session: Class initialized using 'CodeIgniter\Session\Handlers\FileHandler' driver.
DEBUG - 2025-07-02 13:25:12 --> Session: Class initialized using 'CodeIgniter\Session\Handlers\FileHandler' driver.
DEBUG - 2025-07-02 13:25:54 --> POST request received
DEBUG - 2025-07-02 13:25:54 --> Content-Type: multipart/form-data; boundary=----WebKitFormBoundary3EFztsO7TpXKzU0B
DEBUG - 2025-07-02 13:25:54 --> POST data: {"judul":"Pemograman","isi":"\"Pemrograman adalah seni dan ilmu menulis kode untuk menginstruksikan komputer melakukan tugas tertentu. Artikel ini menjelajahi dasar-dasar pemrograman, mulai dari bahasa pemrograman populer seperti Python dan JavaScript, hingga konsep inti seperti algoritma, logika, dan struktur data. Cocok untuk pemula yang ingin memahami cara kerja coding dan bagaimana pemrograman mendorong inovasi di era digital, dari pengembangan aplikasi hingga kecerdasan buatan.\"\r\n\r\nJika kamu ingin deskripsi yang lebih panjang, lebih teknis, atau dengan sudut pandang tertentu (misalnya, untuk pemula, profesional, atau fokus ke tren terbaru), beri tahu saya!","status":"1"}
DEBUG - 2025-07-02 13:25:54 --> Form data: {"judul":"Pemograman","isi":"\"Pemrograman adalah seni dan ilmu menulis kode untuk menginstruksikan komputer melakukan tugas tertentu. Artikel ini menjelajahi dasar-dasar pemrograman, mulai dari bahasa pemrograman populer seperti Python dan JavaScript, hingga konsep inti seperti algoritma, logika, dan struktur data. Cocok untuk pemula yang ingin memahami cara kerja coding dan bagaimana pemrograman mendorong inovasi di era digital, dari pengembangan aplikasi hingga kecerdasan buatan.\"\r\n\r\nJika kamu ingin deskripsi yang lebih panjang, lebih teknis, atau dengan sudut pandang tertentu (misalnya, untuk pemula, profesional, atau fokus ke tren terbaru), beri tahu saya!","slug":"pemograman","status":"1","created_at":"2025-07-02 13:25:54","updated_at":"2025-07-02 13:25:54"}
DEBUG - 2025-07-02 13:28:38 --> POST request received
DEBUG - 2025-07-02 13:28:38 --> Content-Type: multipart/form-data; boundary=----WebKitFormBoundarysVOhpBZwTgBIKlbi
DEBUG - 2025-07-02 13:28:38 --> POST data: {"judul":"Angkasawan","isi":"Nasa adalah sebuah organisasi","status":"1"}
DEBUG - 2025-07-02 13:28:38 --> Form data: {"judul":"Angkasawan","isi":"Nasa adalah sebuah organisasi","slug":"angkasawan","status":"1","created_at":"2025-07-02 13:28:38","updated_at":"2025-07-02 13:28:38"}
